<?xml version="1.0" encoding="UTF-8"?>
<!-- Generated by org.testng.reporters.JUnitReportReporter -->
<testsuite hostname="sanchitas-air.lan" failures="0" tests="3" name="bit.com.String_Prac" time="0.015" errors="0" timestamp="2021-11-13T12:22:15 EST" skipped="0">
  <testcase classname="bit.com.String_Prac" name="ReverseAstring" time="0.012"/>
  <system-out/>
  <testcase classname="bit.com.String_Prac" name="removeSpaceBetweenWord" time="0.002"/>
  <system-out/>
  <testcase classname="bit.com.String_Prac" name="test1" time="0.001"/>
  <system-out/>
</testsuite> <!-- bit.com.String_Prac -->
