<?xml version="1.0" encoding="UTF-8"?>
<!-- Generated by org.testng.reporters.JUnitReportReporter -->
<testsuite hostname="Sanchitas-Air.home" failures="0" tests="1" name="bit.com.InterveiwQuestion" time="0.008" errors="0" timestamp="2021-11-14T10:52:05 EST" skipped="0">
  <testcase classname="bit.com.InterveiwQuestion" name="Fabonaci" time="0.008"/>
  <system-out/>
</testsuite> <!-- bit.com.InterveiwQuestion -->
