<?xml version="1.0" encoding="UTF-8"?>
<!-- Generated by org.testng.reporters.JUnitReportReporter -->
<testsuite hostname="Sanchitas-Air.home" failures="0" tests="3" name="testing.org.Day4" time="0.010" errors="0" timestamp="2021-11-05T22:13:53 EDT" skipped="0">
  <testcase classname="testing.org.Day4" name="loginApiHomeLoan" time="0.001"/>
  <system-out/>
  <testcase classname="testing.org.Day4" name="mobileloginHomeLoan" time="0.004"/>
  <system-out/>
  <testcase classname="testing.org.Day4" name="webloginHomeLoan" time="0.005"/>
  <system-out/>
</testsuite> <!-- testing.org.Day4 -->
