<?xml version="1.0" encoding="UTF-8"?>
<!-- Generated by org.testng.reporters.JUnitReportReporter -->
<testsuite hostname="Sanchitas-Air.home" failures="0" tests="8" name="testing.org.Day3" time="0.026" errors="0" timestamp="2021-11-05T22:13:53 EDT" skipped="1">
  <testcase classname="testing.org.Day3" name="ApiCarLoan" time="0.005"/>
  <system-out/>
  <testcase classname="testing.org.Day3" name="obilelogin" time="0.006"/>
  <system-out/>
  <testcase classname="testing.org.Day3" name="webloginCarLoan" time="0.004"/>
  <system-out/>
  <testcase classname="testing.org.Day3" name="mobileloginSignoutLoan" time="0.001"/>
  <system-out/>
  <testcase classname="testing.org.Day3" name="obilelogin" time="0.003"/>
  <system-out/>
  <testcase classname="testing.org.Day3" name="mobileloginPinCarLoan" time="0.005"/>
  <system-out/>
  <testcase classname="testing.org.Day3" name="obilelogin" time="0.002"/>
  <system-out/>
  <testcase classname="testing.org.Day3" name="mobileloginsignLoan">
    <skipped/>
  </testcase> <!-- mobileloginsignLoan -->
  <system-out/>
</testsuite> <!-- testing.org.Day3 -->
