<?xml version="1.0" encoding="UTF-8"?>
<!-- Generated by org.testng.reporters.JUnitReportReporter -->
<testsuite hostname="Sanchitas-Air.home" failures="0" tests="2" name="bit.com.Testng_first" time="0.012" errors="0" timestamp="2021-11-03T16:43:12 EDT" skipped="0">
  <testcase classname="bit.com.Testng_first" name="firstMethod" time="0.002"/>
  <system-out/>
  <testcase classname="bit.com.Testng_first" name="SecondMethod" time="0.010"/>
  <system-out/>
</testsuite> <!-- bit.com.Testng_first -->
