<?xml version="1.0" encoding="UTF-8"?>
<!-- Generated by org.testng.reporters.JUnitReportReporter -->
<testsuite hostname="Sanchitas-Air.home" failures="0" tests="2" name="testing.org.Day1" time="0.030" errors="0" timestamp="2021-11-05T22:13:53 EDT" skipped="0">
  <testcase classname="testing.org.Day1" name="SecondTest" time="0.001"/>
  <system-out/>
  <testcase classname="testing.org.Day1" name="Demo" time="0.029"/>
  <system-out/>
</testsuite> <!-- testing.org.Day1 -->
