<?xml version="1.0" encoding="UTF-8"?>
<!-- Generated by org.testng.reporters.JUnitReportReporter -->
<testsuite hostname="Sanchitas-Air.home" failures="0" tests="1" name="testing.org.Day2" time="0.001" errors="0" timestamp="2021-11-05T22:13:53 EDT" skipped="0">
  <testcase classname="testing.org.Day2" name="ploan" time="0.001"/>
  <system-out/>
</testsuite> <!-- testing.org.Day2 -->
